d:\a0_project\tv_dft_sw\tvdft_server_monitoring\dft_server210712\release\dft_server.pch
d:\a0_project\tv_dft_sw\tvdft_server_monitoring\dft_server210712\release\stdafx.obj
d:\a0_project\tv_dft_sw\tvdft_server_monitoring\dft_server210712\release\serialport.obj
d:\a0_project\tv_dft_sw\tvdft_server_monitoring\dft_server210712\release\ping.obj
d:\a0_project\tv_dft_sw\tvdft_server_monitoring\dft_server210712\release\mysocket.obj
d:\a0_project\tv_dft_sw\tvdft_server_monitoring\dft_server210712\release\myechosocket.obj
d:\a0_project\tv_dft_sw\tvdft_server_monitoring\dft_server210712\release\modelselectdlg.obj
d:\a0_project\tv_dft_sw\tvdft_server_monitoring\dft_server210712\release\mesdb.obj
d:\a0_project\tv_dft_sw\tvdft_server_monitoring\dft_server210712\release\label_text.obj
d:\a0_project\tv_dft_sw\tvdft_server_monitoring\dft_server210712\release\icmpecho.obj
d:\a0_project\tv_dft_sw\tvdft_server_monitoring\dft_server210712\release\filecontrol.obj
d:\a0_project\tv_dft_sw\tvdft_server_monitoring\dft_server210712\release\dlgsimpleinform.obj
d:\a0_project\tv_dft_sw\tvdft_server_monitoring\dft_server210712\release\dlgresult.obj
d:\a0_project\tv_dft_sw\tvdft_server_monitoring\dft_server210712\release\dlgpassword.obj
d:\a0_project\tv_dft_sw\tvdft_server_monitoring\dft_server210712\release\dlgnewmodelname.obj
d:\a0_project\tv_dft_sw\tvdft_server_monitoring\dft_server210712\release\dlgmessage.obj
d:\a0_project\tv_dft_sw\tvdft_server_monitoring\dft_server210712\release\dlgconfig.obj
d:\a0_project\tv_dft_sw\tvdft_server_monitoring\dft_server210712\release\dlgbarcode.obj
d:\a0_project\tv_dft_sw\tvdft_server_monitoring\dft_server210712\release\ceditdlg.obj
d:\a0_project\tv_dft_sw\tvdft_server_monitoring\dft_server210712\release\button_model_create.obj
d:\a0_project\tv_dft_sw\tvdft_server_monitoring\dft_server210712\release\acqvoltagesamples_intclkdlg.obj
d:\a0_project\tv_dft_sw\tvdft_server_monitoring\dft_server210712\release\acqvoltagesamples_intclk.obj
d:\a0_project\tv_dft_sw\tvdft_server_monitoring\dft_server210712\release\udpasysk.obj
d:\a0_project\tv_dft_sw\tvdft_server_monitoring\dft_server210712\release\textbox_okng.obj
d:\a0_project\tv_dft_sw\tvdft_server_monitoring\dft_server210712\release\dft_server.exe
d:\a0_project\tv_dft_sw\tvdft_server_monitoring\dft_server210712\release\acqvoltagesamples_intclk.res
d:\a0_project\tv_dft_sw\tvdft_server_monitoring\dft_server210712\release\dft_server.tlog\cl.command.1.tlog
d:\a0_project\tv_dft_sw\tvdft_server_monitoring\dft_server210712\release\dft_server.tlog\cl.read.1.tlog
d:\a0_project\tv_dft_sw\tvdft_server_monitoring\dft_server210712\release\dft_server.tlog\cl.write.1.tlog
d:\a0_project\tv_dft_sw\tvdft_server_monitoring\dft_server210712\release\dft_server.tlog\link.command.1.tlog
d:\a0_project\tv_dft_sw\tvdft_server_monitoring\dft_server210712\release\dft_server.tlog\link.read.1.tlog
d:\a0_project\tv_dft_sw\tvdft_server_monitoring\dft_server210712\release\dft_server.tlog\link.write.1.tlog
d:\a0_project\tv_dft_sw\tvdft_server_monitoring\dft_server210712\release\dft_server.tlog\rc.command.1.tlog
d:\a0_project\tv_dft_sw\tvdft_server_monitoring\dft_server210712\release\dft_server.tlog\rc.read.1.tlog
d:\a0_project\tv_dft_sw\tvdft_server_monitoring\dft_server210712\release\dft_server.tlog\rc.write.1.tlog
