d:\a0_project\tv_dft_sw\tvdft_server_monitoring\dft_server210712\debug\dft_server.pch
d:\a0_project\tv_dft_sw\tvdft_server_monitoring\dft_server210712\debug\vc141.pdb
d:\a0_project\tv_dft_sw\tvdft_server_monitoring\dft_server210712\debug\vc141.idb
d:\a0_project\tv_dft_sw\tvdft_server_monitoring\dft_server210712\debug\stdafx.obj
d:\a0_project\tv_dft_sw\tvdft_server_monitoring\dft_server210712\debug\serialport.obj
d:\a0_project\tv_dft_sw\tvdft_server_monitoring\dft_server210712\debug\ping.obj
d:\a0_project\tv_dft_sw\tvdft_server_monitoring\dft_server210712\debug\mysocket.obj
d:\a0_project\tv_dft_sw\tvdft_server_monitoring\dft_server210712\debug\myechosocket.obj
d:\a0_project\tv_dft_sw\tvdft_server_monitoring\dft_server210712\debug\modelselectdlg.obj
d:\a0_project\tv_dft_sw\tvdft_server_monitoring\dft_server210712\debug\mesdb.obj
d:\a0_project\tv_dft_sw\tvdft_server_monitoring\dft_server210712\debug\label_text.obj
d:\a0_project\tv_dft_sw\tvdft_server_monitoring\dft_server210712\debug\icmpecho.obj
d:\a0_project\tv_dft_sw\tvdft_server_monitoring\dft_server210712\debug\filecontrol.obj
d:\a0_project\tv_dft_sw\tvdft_server_monitoring\dft_server210712\debug\dlgsimpleinform.obj
d:\a0_project\tv_dft_sw\tvdft_server_monitoring\dft_server210712\debug\dlgresult.obj
d:\a0_project\tv_dft_sw\tvdft_server_monitoring\dft_server210712\debug\dlgpassword.obj
d:\a0_project\tv_dft_sw\tvdft_server_monitoring\dft_server210712\debug\dlgnewmodelname.obj
d:\a0_project\tv_dft_sw\tvdft_server_monitoring\dft_server210712\debug\dlgmessage.obj
d:\a0_project\tv_dft_sw\tvdft_server_monitoring\dft_server210712\debug\dlgconfig.obj
d:\a0_project\tv_dft_sw\tvdft_server_monitoring\dft_server210712\debug\dlgbarcode.obj
d:\a0_project\tv_dft_sw\tvdft_server_monitoring\dft_server210712\debug\ceditdlg.obj
d:\a0_project\tv_dft_sw\tvdft_server_monitoring\dft_server210712\debug\button_model_create.obj
d:\a0_project\tv_dft_sw\tvdft_server_monitoring\dft_server210712\debug\acqvoltagesamples_intclkdlg.obj
d:\a0_project\tv_dft_sw\tvdft_server_monitoring\dft_server210712\debug\acqvoltagesamples_intclk.obj
d:\a0_project\tv_dft_sw\tvdft_server_monitoring\dft_server210712\debug\udpasysk.obj
d:\a0_project\tv_dft_sw\tvdft_server_monitoring\dft_server210712\debug\textbox_okng.obj
d:\a0_project\tv_dft_sw\tvdft_server_monitoring\dft_server210712\debug\dft_server.exe
d:\a0_project\tv_dft_sw\tvdft_server_monitoring\dft_server210712\debug\dft_server.ilk
d:\a0_project\tv_dft_sw\tvdft_server_monitoring\dft_server210712\debug\dft_server.pdb
d:\a0_project\tv_dft_sw\tvdft_server_monitoring\dft_server210712\debug\acqvoltagesamples_intclk.res
d:\a0_project\tv_dft_sw\tvdft_server_monitoring\dft_server210712\debug\acqvoltagesamples_intclkdlg.obj.enc
d:\a0_project\tv_dft_sw\tvdft_server_monitoring\dft_server210712\debug\dft_server.tlog\cl.command.1.tlog
d:\a0_project\tv_dft_sw\tvdft_server_monitoring\dft_server210712\debug\dft_server.tlog\cl.read.1.tlog
d:\a0_project\tv_dft_sw\tvdft_server_monitoring\dft_server210712\debug\dft_server.tlog\cl.write.1.tlog
d:\a0_project\tv_dft_sw\tvdft_server_monitoring\dft_server210712\debug\dft_server.tlog\link.command.1.tlog
d:\a0_project\tv_dft_sw\tvdft_server_monitoring\dft_server210712\debug\dft_server.tlog\link.read.1.tlog
d:\a0_project\tv_dft_sw\tvdft_server_monitoring\dft_server210712\debug\dft_server.tlog\link.write.1.tlog
d:\a0_project\tv_dft_sw\tvdft_server_monitoring\dft_server210712\debug\dft_server.tlog\rc.command.1.tlog
d:\a0_project\tv_dft_sw\tvdft_server_monitoring\dft_server210712\debug\dft_server.tlog\rc.read.1.tlog
d:\a0_project\tv_dft_sw\tvdft_server_monitoring\dft_server210712\debug\dft_server.tlog\rc.write.1.tlog
